c:\users\kang\source\repos\filemanager\filemanager\debug\vc142.pdb
c:\users\kang\source\repos\filemanager\filemanager\debug\vc142.idb
c:\users\kang\source\repos\filemanager\filemanager\debug\filemanager.obj
c:\users\kang\source\repos\filemanager\debug\filemanager.pdb
c:\users\kang\source\repos\filemanager\filemanager\debug\filemanager.tlog\cl.command.1.tlog
c:\users\kang\source\repos\filemanager\filemanager\debug\filemanager.tlog\cl.read.1.tlog
c:\users\kang\source\repos\filemanager\filemanager\debug\filemanager.tlog\cl.write.1.tlog
c:\users\kang\source\repos\filemanager\filemanager\debug\filemanager.tlog\link-cvtres.read.1.tlog
c:\users\kang\source\repos\filemanager\filemanager\debug\filemanager.tlog\link-cvtres.write.1.tlog
c:\users\kang\source\repos\filemanager\filemanager\debug\filemanager.tlog\link-rc.read.1.tlog
c:\users\kang\source\repos\filemanager\filemanager\debug\filemanager.tlog\link-rc.write.1.tlog
c:\users\kang\source\repos\filemanager\filemanager\debug\filemanager.tlog\link.3532-cvtres.read.1.tlog
c:\users\kang\source\repos\filemanager\filemanager\debug\filemanager.tlog\link.3532-cvtres.write.1.tlog
c:\users\kang\source\repos\filemanager\filemanager\debug\filemanager.tlog\link.3532-rc.read.1.tlog
c:\users\kang\source\repos\filemanager\filemanager\debug\filemanager.tlog\link.3532-rc.write.1.tlog
c:\users\kang\source\repos\filemanager\filemanager\debug\filemanager.tlog\link.3532.read.1.tlog
c:\users\kang\source\repos\filemanager\filemanager\debug\filemanager.tlog\link.3532.write.1.tlog
c:\users\kang\source\repos\filemanager\filemanager\debug\filemanager.tlog\link.command.1.tlog
c:\users\kang\source\repos\filemanager\filemanager\debug\filemanager.tlog\link.read.1.tlog
c:\users\kang\source\repos\filemanager\filemanager\debug\filemanager.tlog\link.write.1.tlog
